Using pre-set license
Built from '2020.3/staging' branch; Version is '2020.3.11f1 (99c7afb366b3) revision 10078127'; Using compiler version '192528614'; Build Type 'Release'
OS: 'Windows 7  (6.1.0) 64bit' Language: 'ru' Physical Memory: 12128 MB
BatchMode: 1, IsHumanControllingUs: 0, StartBugReporterOnCrash: 0, Is64bit: 1, IsPro: 0

 COMMAND LINE ARGUMENTS:
D:\Unity\Installs\2020.3.11f1\Editor\Unity.exe
-adb2
-batchMode
-noUpm
-name
AssetImportWorker0
-projectPath
D:/Кирилл Работа/GitHub/Clicker
-logFile
Logs/AssetImportWorker0.log
-srvPort
9242
Successfully changed project path to: D:/Кирилл Работа/GitHub/Clicker
D:/Кирилл Работа/GitHub/Clicker
Using Asset Import Pipeline V2.
Refreshing native plugins compatible for Editor in 28.46 ms, found 2 plugins.
Preloading 0 native plugins for Editor in 0.00 ms.
Initialize engine version: 2020.3.11f1 (99c7afb366b3)
[Subsystems] Discovering subsystems at path D:/Unity/Installs/2020.3.11f1/Editor/Data/Resources/UnitySubsystems
[Subsystems] Discovering subsystems at path D:/Кирилл Работа/GitHub/Clicker/Assets
GfxDevice: creating device client; threaded=0
d3d11: CreateDXGIFactory2(...) not found, fallbacking to CreateDXGIFactory1(...).
d3d11: QueryInterface(IDXGIFactory5) failed (80004002).
Direct3D:
    Version:  Direct3D 11.0 [level 11.0]
    Renderer: NVIDIA GeForce GTX 1050 Ti (ID=0x1c82)
    Vendor:   
    VRAM:     3998 MB
    Driver:   23.21.13.9135
Initialize mono
Mono path[0] = 'D:/Unity/Installs/2020.3.11f1/Editor/Data/Managed'
Mono path[1] = 'D:/Unity/Installs/2020.3.11f1/Editor/Data/MonoBleedingEdge/lib/mono/unityjit'
Mono config path = 'D:/Unity/Installs/2020.3.11f1/Editor/Data/MonoBleedingEdge/etc'
Using monoOptions --debugger-agent=transport=dt_socket,embedding=1,server=y,suspend=n,address=127.0.0.1:56588
Begin MonoManager ReloadAssembly
Registering precompiled unity dll's ...
Register platform support module: D:/Unity/Installs/2020.3.11f1/Editor/Data/PlaybackEngines/WindowsStandaloneSupport/UnityEditor.WindowsStandalone.Extensions.dll
Registered in 0.000612 seconds.
Native extension for WindowsStandalone target not found
Refreshing native plugins compatible for Editor in 30.86 ms, found 2 plugins.
Preloading 0 native plugins for Editor in 0.00 ms.
Mono: successfully reloaded assembly
- Completed reload, in  1.317 seconds
Platform modules already initialized, skipping
Registering precompiled user dll's ...
Registered in 0.002381 seconds.
Begin MonoManager ReloadAssembly
Native extension for WindowsStandalone target not found
Refreshing native plugins compatible for Editor in 0.36 ms, found 2 plugins.
Preloading 0 native plugins for Editor in 0.00 ms.
Mono: successfully reloaded assembly
- Completed reload, in  1.025 seconds
Platform modules already initialized, skipping
========================================================================
Worker process is ready to serve import requests
Launched and connected shader compiler UnityShaderCompiler.exe after 0.02 seconds
Refreshing native plugins compatible for Editor in 0.36 ms, found 2 plugins.
Preloading 0 native plugins for Editor in 0.00 ms.
Unloading 1388 Unused Serialized files (Serialized files now loaded: 0)
System memory in use before: 64.9 MB.
System memory in use after: 64.9 MB.

Unloading 19 unused Assets to reduce memory usage. Loaded Objects now: 1821.
Total: 2.330724 ms (FindLiveObjects: 0.192290 ms CreateObjectMapping: 0.051318 ms MarkObjects: 1.982972 ms  DeleteObjects: 0.102937 ms)

========================================================================
Received Import Request.
  path: Assets/Scripts/EnemyFactory.cs
  artifactKey: Guid(8c786281102efae489d8a6028ddcbe49) Importer(815301076,1909f56bfc062723c751e8b465ee728b)
Start importing Assets/Scripts/EnemyFactory.cs using Guid(8c786281102efae489d8a6028ddcbe49) Importer(815301076,1909f56bfc062723c751e8b465ee728b)  -> (artifact id: '4b74d1bb1240ad6157ef75d001a46605') in 0.051302 seconds
  Import took 0.058514 seconds .

========================================================================
Received Import Request.
  Time since last request: 0.002169 seconds.
  path: Assets/Scripts/EnemyFactory.cs
  artifactKey: Guid(8c786281102efae489d8a6028ddcbe49) Importer(815301076,1909f56bfc062723c751e8b465ee728b)
Start importing Assets/Scripts/EnemyFactory.cs using Guid(8c786281102efae489d8a6028ddcbe49) Importer(815301076,1909f56bfc062723c751e8b465ee728b)  -> (artifact id: '4b74d1bb1240ad6157ef75d001a46605') in 0.003100 seconds
  Import took 0.006394 seconds .

========================================================================
Received Import Request.
  Time since last request: 148.869127 seconds.
  path: Assets/Scripts/GameObjectFactory.cs
  artifactKey: Guid(daf5847f9ba2f174eb4cf13c64089282) Importer(815301076,1909f56bfc062723c751e8b465ee728b)
Start importing Assets/Scripts/GameObjectFactory.cs using Guid(daf5847f9ba2f174eb4cf13c64089282) Importer(815301076,1909f56bfc062723c751e8b465ee728b)  -> (artifact id: 'aa4bfb221a8726cb3b47ffa91772f7e8') in 0.002131 seconds
  Import took 0.005457 seconds .

========================================================================
Received Prepare
Registering precompiled user dll's ...
Registered in 0.001674 seconds.
Begin MonoManager ReloadAssembly
Native extension for WindowsStandalone target not found
Refreshing native plugins compatible for Editor in 0.46 ms, found 2 plugins.
Preloading 0 native plugins for Editor in 0.00 ms.
Mono: successfully reloaded assembly
- Completed reload, in  0.991 seconds
Platform modules already initialized, skipping
Refreshing native plugins compatible for Editor in 0.35 ms, found 2 plugins.
Preloading 0 native plugins for Editor in 0.00 ms.
Unloading 1384 Unused Serialized files (Serialized files now loaded: 0)
System memory in use before: 64.8 MB.
System memory in use after: 64.9 MB.

Unloading 14 unused Assets to reduce memory usage. Loaded Objects now: 1825.
Total: 2.392003 ms (FindLiveObjects: 0.175084 ms CreateObjectMapping: 0.093277 ms MarkObjects: 2.039119 ms  DeleteObjects: 0.083617 ms)

========================================================================
Received Import Request.
  Time since last request: 38.389780 seconds.
  path: Assets/Scripts/Enemy.cs
  artifactKey: Guid(e8ee99cf13c83c74884430b162906695) Importer(815301076,1909f56bfc062723c751e8b465ee728b)
Start importing Assets/Scripts/Enemy.cs using Guid(e8ee99cf13c83c74884430b162906695) Importer(815301076,1909f56bfc062723c751e8b465ee728b)  -> (artifact id: '34e7b9690ea4fd40225e8cd82de714d7') in 0.005536 seconds
  Import took 0.008566 seconds .

========================================================================
Received Prepare
Registering precompiled user dll's ...
Registered in 0.001690 seconds.
Begin MonoManager ReloadAssembly
Native extension for WindowsStandalone target not found
Refreshing native plugins compatible for Editor in 0.39 ms, found 2 plugins.
Preloading 0 native plugins for Editor in 0.00 ms.
Mono: successfully reloaded assembly
- Completed reload, in  0.941 seconds
Platform modules already initialized, skipping
Refreshing native plugins compatible for Editor in 0.35 ms, found 2 plugins.
Preloading 0 native plugins for Editor in 0.00 ms.
Unloading 1385 Unused Serialized files (Serialized files now loaded: 0)
System memory in use before: 64.9 MB.
System memory in use after: 64.9 MB.

Unloading 14 unused Assets to reduce memory usage. Loaded Objects now: 1829.
Total: 2.359401 ms (FindLiveObjects: 0.165726 ms CreateObjectMapping: 0.088447 ms MarkObjects: 2.030969 ms  DeleteObjects: 0.073354 ms)

========================================================================
Received Import Request.
  Time since last request: 639.647681 seconds.
  path: Assets/Scripts/Enemy.cs
  artifactKey: Guid(e8ee99cf13c83c74884430b162906695) Importer(815301076,1909f56bfc062723c751e8b465ee728b)
Start importing Assets/Scripts/Enemy.cs using Guid(e8ee99cf13c83c74884430b162906695) Importer(815301076,1909f56bfc062723c751e8b465ee728b)  -> (artifact id: 'd54e60e4a73a7f067315376290596d46') in 0.004905 seconds
  Import took 0.008200 seconds .

========================================================================
Received Prepare
Registering precompiled user dll's ...
Registered in 0.001909 seconds.
Begin MonoManager ReloadAssembly
Native extension for WindowsStandalone target not found
Refreshing native plugins compatible for Editor in 0.35 ms, found 2 plugins.
Preloading 0 native plugins for Editor in 0.00 ms.
Mono: successfully reloaded assembly
- Completed reload, in  0.928 seconds
Platform modules already initialized, skipping
Refreshing native plugins compatible for Editor in 0.38 ms, found 2 plugins.
Preloading 0 native plugins for Editor in 0.00 ms.
Unloading 1385 Unused Serialized files (Serialized files now loaded: 0)
System memory in use before: 64.9 MB.
System memory in use after: 65.0 MB.

Unloading 14 unused Assets to reduce memory usage. Loaded Objects now: 1832.
Total: 2.387173 ms (FindLiveObjects: 0.181121 ms CreateObjectMapping: 0.091768 ms MarkObjects: 2.041232 ms  DeleteObjects: 0.072146 ms)

========================================================================
Received Import Request.
  Time since last request: 382.644857 seconds.
  path: Assets/Scripts/new EnemyFactory.asset
  artifactKey: Guid(c23b55dbb06bdc449bc7c193305c381b) Importer(815301076,1909f56bfc062723c751e8b465ee728b)
Start importing Assets/Scripts/new EnemyFactory.asset using Guid(c23b55dbb06bdc449bc7c193305c381b) Importer(815301076,1909f56bfc062723c751e8b465ee728b)  -> (artifact id: 'ade84a6c29381bb755c6e45dc0f4789f') in 0.016083 seconds
  Import took 0.018602 seconds .

========================================================================
Received Import Request.
  Time since last request: 0.000564 seconds.
  path: Assets/Scripts/new EnemyFactory.asset
  artifactKey: Guid(c23b55dbb06bdc449bc7c193305c381b) Importer(815301076,1909f56bfc062723c751e8b465ee728b)
Start importing Assets/Scripts/new EnemyFactory.asset using Guid(c23b55dbb06bdc449bc7c193305c381b) Importer(815301076,1909f56bfc062723c751e8b465ee728b)  -> (artifact id: 'ade84a6c29381bb755c6e45dc0f4789f') in 0.002372 seconds
  Import took 0.004896 seconds .

========================================================================
Received Prepare
Registering precompiled user dll's ...
Registered in 0.001884 seconds.
Begin MonoManager ReloadAssembly
Native extension for WindowsStandalone target not found
Refreshing native plugins compatible for Editor in 0.34 ms, found 2 plugins.
Preloading 0 native plugins for Editor in 0.00 ms.
Mono: successfully reloaded assembly
- Completed reload, in  0.931 seconds
Platform modules already initialized, skipping
Refreshing native plugins compatible for Editor in 0.34 ms, found 2 plugins.
Preloading 0 native plugins for Editor in 0.00 ms.
Unloading 1385 Unused Serialized files (Serialized files now loaded: 0)
System memory in use before: 64.9 MB.
System memory in use after: 65.0 MB.

Unloading 14 unused Assets to reduce memory usage. Loaded Objects now: 1835.
Total: 2.158357 ms (FindLiveObjects: 0.129200 ms CreateObjectMapping: 0.047091 ms MarkObjects: 1.892109 ms  DeleteObjects: 0.089051 ms)

========================================================================
Received Import Request.
  Time since last request: 137.823182 seconds.
  path: Assets/Scripts/new EnemyFactory.asset
  artifactKey: Guid(c23b55dbb06bdc449bc7c193305c381b) Importer(815301076,1909f56bfc062723c751e8b465ee728b)
Start importing Assets/Scripts/new EnemyFactory.asset using Guid(c23b55dbb06bdc449bc7c193305c381b) Importer(815301076,1909f56bfc062723c751e8b465ee728b)  -> (artifact id: '7b4f3a0774744572aa38836a2591789b') in 0.012826 seconds
  Import took 0.015289 seconds .

========================================================================
Received Prepare
Registering precompiled user dll's ...
Registered in 0.003954 seconds.
Begin MonoManager ReloadAssembly
Native extension for WindowsStandalone target not found
Refreshing native plugins compatible for Editor in 0.37 ms, found 2 plugins.
Preloading 0 native plugins for Editor in 0.00 ms.
Mono: successfully reloaded assembly
- Completed reload, in  0.971 seconds
Platform modules already initialized, skipping
Refreshing native plugins compatible for Editor in 0.37 ms, found 2 plugins.
Preloading 0 native plugins for Editor in 0.00 ms.
Unloading 1385 Unused Serialized files (Serialized files now loaded: 0)
System memory in use before: 64.9 MB.
System memory in use after: 65.0 MB.

Unloading 14 unused Assets to reduce memory usage. Loaded Objects now: 1838.
Total: 2.405285 ms (FindLiveObjects: 0.177498 ms CreateObjectMapping: 0.095994 ms MarkObjects: 2.064174 ms  DeleteObjects: 0.066411 ms)

========================================================================
Received Prepare
Registering precompiled user dll's ...
Registered in 0.001694 seconds.
Begin MonoManager ReloadAssembly
Native extension for WindowsStandalone target not found
Refreshing native plugins compatible for Editor in 0.34 ms, found 2 plugins.
Preloading 0 native plugins for Editor in 0.00 ms.
Mono: successfully reloaded assembly
- Completed reload, in  1.081 seconds
Platform modules already initialized, skipping
Refreshing native plugins compatible for Editor in 0.40 ms, found 2 plugins.
Preloading 0 native plugins for Editor in 0.00 ms.
Unloading 1387 Unused Serialized files (Serialized files now loaded: 0)
System memory in use before: 65.0 MB.
System memory in use after: 65.0 MB.

Unloading 14 unused Assets to reduce memory usage. Loaded Objects now: 1843.
Total: 2.321064 ms (FindLiveObjects: 0.207987 ms CreateObjectMapping: 0.103541 ms MarkObjects: 1.950068 ms  DeleteObjects: 0.058261 ms)

========================================================================
Received Prepare
Registering precompiled user dll's ...
Registered in 0.001682 seconds.
Begin MonoManager ReloadAssembly
Native extension for WindowsStandalone target not found
Refreshing native plugins compatible for Editor in 0.34 ms, found 2 plugins.
Preloading 0 native plugins for Editor in 0.00 ms.
Mono: successfully reloaded assembly
- Completed reload, in  0.953 seconds
Platform modules already initialized, skipping
Refreshing native plugins compatible for Editor in 0.34 ms, found 2 plugins.
Preloading 0 native plugins for Editor in 0.00 ms.
Unloading 1387 Unused Serialized files (Serialized files now loaded: 0)
System memory in use before: 65.0 MB.
System memory in use after: 65.0 MB.

Unloading 14 unused Assets to reduce memory usage. Loaded Objects now: 1846.
Total: 2.279104 ms (FindLiveObjects: 0.171461 ms CreateObjectMapping: 0.087844 ms MarkObjects: 1.937691 ms  DeleteObjects: 0.080297 ms)

========================================================================
Received Import Request.
  Time since last request: 3911.047792 seconds.
  path: Assets/Scripts/Enemy.cs
  artifactKey: Guid(e8ee99cf13c83c74884430b162906695) Importer(815301076,1909f56bfc062723c751e8b465ee728b)
Start importing Assets/Scripts/Enemy.cs using Guid(e8ee99cf13c83c74884430b162906695) Importer(815301076,1909f56bfc062723c751e8b465ee728b)  -> (artifact id: 'c336724d3f11e234688503f79386c6da') in 0.004648 seconds
  Import took 0.007246 seconds .

========================================================================
Received Import Request.
  Time since last request: 0.002265 seconds.
  path: Assets/Scripts/Enemy.cs
  artifactKey: Guid(e8ee99cf13c83c74884430b162906695) Importer(815301076,1909f56bfc062723c751e8b465ee728b)
Start importing Assets/Scripts/Enemy.cs using Guid(e8ee99cf13c83c74884430b162906695) Importer(815301076,1909f56bfc062723c751e8b465ee728b)  -> (artifact id: 'c336724d3f11e234688503f79386c6da') in 0.002298 seconds
  Import took 0.005154 seconds .

========================================================================
Received Import Request.
  Time since last request: 9.136344 seconds.
  path: Assets/Prefabs/EnemyCube.prefab
  artifactKey: Guid(4d46f35a80c314043a3c09813596556a) Importer(815301076,1909f56bfc062723c751e8b465ee728b)
Start importing Assets/Prefabs/EnemyCube.prefab using Guid(4d46f35a80c314043a3c09813596556a) Importer(815301076,1909f56bfc062723c751e8b465ee728b)  -> (artifact id: '03033b8b762bef3a1f4863919915fd03') in 0.164029 seconds
  Import took 0.167091 seconds .

========================================================================
Received Import Request.
  Time since last request: 35.695566 seconds.
  path: Assets/ScriptableObjects
  artifactKey: Guid(6d5e6adeded1afc4ba59a3de5410f3e6) Importer(815301076,1909f56bfc062723c751e8b465ee728b)
Start importing Assets/ScriptableObjects using Guid(6d5e6adeded1afc4ba59a3de5410f3e6) Importer(815301076,1909f56bfc062723c751e8b465ee728b)  -> (artifact id: '9575f5712255dd68c34990d4f839652b') in 0.002093 seconds
  Import took 0.004878 seconds .

========================================================================
Received Import Request.
  Time since last request: 9.659665 seconds.
  path: Assets/ScriptableObjects/new EnemyFactory.asset
  artifactKey: Guid(c23b55dbb06bdc449bc7c193305c381b) Importer(815301076,1909f56bfc062723c751e8b465ee728b)
Start importing Assets/ScriptableObjects/new EnemyFactory.asset using Guid(c23b55dbb06bdc449bc7c193305c381b) Importer(815301076,1909f56bfc062723c751e8b465ee728b)  -> (artifact id: 'a55b67e3a45e582715824683fa82145e') in 0.009244 seconds
  Import took 0.015291 seconds .

========================================================================
Received Import Request.
  Time since last request: 3.882266 seconds.
  path: Assets/ScriptableObjects/EnemyFactory.asset
  artifactKey: Guid(c23b55dbb06bdc449bc7c193305c381b) Importer(815301076,1909f56bfc062723c751e8b465ee728b)
Start importing Assets/ScriptableObjects/EnemyFactory.asset using Guid(c23b55dbb06bdc449bc7c193305c381b) Importer(815301076,1909f56bfc062723c751e8b465ee728b)  -> (artifact id: 'd9a64b86f1f0dfa6613bad965fdc2bdb') in 0.002467 seconds
  Import took 0.012938 seconds .

========================================================================
Received Import Request.
  Time since last request: 0.002382 seconds.
  path: Assets/ScriptableObjects/EnemyFactory.asset
  artifactKey: Guid(c23b55dbb06bdc449bc7c193305c381b) Importer(815301076,1909f56bfc062723c751e8b465ee728b)
Start importing Assets/ScriptableObjects/EnemyFactory.asset using Guid(c23b55dbb06bdc449bc7c193305c381b) Importer(815301076,1909f56bfc062723c751e8b465ee728b)  -> (artifact id: 'd9a64b86f1f0dfa6613bad965fdc2bdb') in 0.002182 seconds
  Import took 0.005009 seconds .

========================================================================
Received Prepare
Registering precompiled user dll's ...
Registered in 0.001784 seconds.
Begin MonoManager ReloadAssembly
Native extension for WindowsStandalone target not found
Refreshing native plugins compatible for Editor in 0.36 ms, found 2 plugins.
Preloading 0 native plugins for Editor in 0.00 ms.
Mono: successfully reloaded assembly
- Completed reload, in  0.960 seconds
Platform modules already initialized, skipping
Refreshing native plugins compatible for Editor in 0.34 ms, found 2 plugins.
Preloading 0 native plugins for Editor in 0.00 ms.
Unloading 1387 Unused Serialized files (Serialized files now loaded: 0)
System memory in use before: 68.1 MB.
System memory in use after: 68.2 MB.

Unloading 15 unused Assets to reduce memory usage. Loaded Objects now: 1857.
Total: 2.565879 ms (FindLiveObjects: 0.315452 ms CreateObjectMapping: 0.183838 ms MarkObjects: 1.972406 ms  DeleteObjects: 0.092975 ms)

========================================================================
Received Prepare
Registering precompiled user dll's ...
Registered in 0.001709 seconds.
Begin MonoManager ReloadAssembly
Native extension for WindowsStandalone target not found
Refreshing native plugins compatible for Editor in 0.35 ms, found 2 plugins.
Preloading 0 native plugins for Editor in 0.00 ms.
Mono: successfully reloaded assembly
- Completed reload, in  0.988 seconds
Platform modules already initialized, skipping
Refreshing native plugins compatible for Editor in 0.37 ms, found 2 plugins.
Preloading 0 native plugins for Editor in 0.00 ms.
Unloading 1388 Unused Serialized files (Serialized files now loaded: 0)
System memory in use before: 68.1 MB.
System memory in use after: 68.2 MB.

Unloading 14 unused Assets to reduce memory usage. Loaded Objects now: 1861.
Total: 2.619913 ms (FindLiveObjects: 0.238174 ms CreateObjectMapping: 0.128294 ms MarkObjects: 2.059646 ms  DeleteObjects: 0.065807 ms)

========================================================================
Received Prepare
Registering precompiled user dll's ...
Registered in 0.001906 seconds.
Begin MonoManager ReloadAssembly
Native extension for WindowsStandalone target not found
Refreshing native plugins compatible for Editor in 0.38 ms, found 2 plugins.
Preloading 0 native plugins for Editor in 0.00 ms.
Mono: successfully reloaded assembly
- Completed reload, in  1.023 seconds
Platform modules already initialized, skipping
Refreshing native plugins compatible for Editor in 0.35 ms, found 2 plugins.
Preloading 0 native plugins for Editor in 0.00 ms.
Unloading 1388 Unused Serialized files (Serialized files now loaded: 0)
System memory in use before: 68.1 MB.
System memory in use after: 68.2 MB.

Unloading 14 unused Assets to reduce memory usage. Loaded Objects now: 1864.
Total: 2.387777 ms (FindLiveObjects: 0.191988 ms CreateObjectMapping: 0.112899 ms MarkObjects: 2.015875 ms  DeleteObjects: 0.065807 ms)

========================================================================
Received Prepare
Registering precompiled user dll's ...
Registered in 0.001839 seconds.
Begin MonoManager ReloadAssembly
Native extension for WindowsStandalone target not found
Refreshing native plugins compatible for Editor in 0.37 ms, found 2 plugins.
Preloading 0 native plugins for Editor in 0.00 ms.
Mono: successfully reloaded assembly
- Completed reload, in  0.936 seconds
Platform modules already initialized, skipping
Refreshing native plugins compatible for Editor in 0.36 ms, found 2 plugins.
Preloading 0 native plugins for Editor in 0.00 ms.
Unloading 1388 Unused Serialized files (Serialized files now loaded: 0)
System memory in use before: 68.1 MB.
System memory in use after: 68.2 MB.

Unloading 14 unused Assets to reduce memory usage. Loaded Objects now: 1867.
Total: 2.328007 ms (FindLiveObjects: 0.182328 ms CreateObjectMapping: 0.085731 ms MarkObjects: 1.968784 ms  DeleteObjects: 0.090259 ms)

========================================================================
Received Prepare
Registering precompiled user dll's ...
Registered in 0.001688 seconds.
Begin MonoManager ReloadAssembly
Native extension for WindowsStandalone target not found
Refreshing native plugins compatible for Editor in 0.41 ms, found 2 plugins.
Preloading 0 native plugins for Editor in 0.00 ms.
Mono: successfully reloaded assembly
- Completed reload, in  0.977 seconds
Platform modules already initialized, skipping
Refreshing native plugins compatible for Editor in 0.35 ms, found 2 plugins.
Preloading 0 native plugins for Editor in 0.00 ms.
Unloading 1388 Unused Serialized files (Serialized files now loaded: 0)
System memory in use before: 68.1 MB.
System memory in use after: 68.2 MB.

Unloading 14 unused Assets to reduce memory usage. Loaded Objects now: 1870.
Total: 2.454791 ms (FindLiveObjects: 0.176895 ms CreateObjectMapping: 0.087240 ms MarkObjects: 2.106436 ms  DeleteObjects: 0.083617 ms)

========================================================================
Received Prepare
Registering precompiled user dll's ...
Registered in 0.001829 seconds.
Begin MonoManager ReloadAssembly
Native extension for WindowsStandalone target not found
Refreshing native plugins compatible for Editor in 0.52 ms, found 2 plugins.
Preloading 0 native plugins for Editor in 0.00 ms.
Mono: successfully reloaded assembly
- Completed reload, in  0.942 seconds
Platform modules already initialized, skipping
Refreshing native plugins compatible for Editor in 0.34 ms, found 2 plugins.
Preloading 0 native plugins for Editor in 0.00 ms.
Unloading 1388 Unused Serialized files (Serialized files now loaded: 0)
System memory in use before: 68.1 MB.
System memory in use after: 68.2 MB.

Unloading 14 unused Assets to reduce memory usage. Loaded Objects now: 1873.
Total: 2.024026 ms (FindLiveObjects: 0.136143 ms CreateObjectMapping: 0.047997 ms MarkObjects: 1.752646 ms  DeleteObjects: 0.086636 ms)

========================================================================
Received Prepare
Registering precompiled user dll's ...
Registered in 0.001663 seconds.
Begin MonoManager ReloadAssembly
Native extension for WindowsStandalone target not found
Refreshing native plugins compatible for Editor in 0.34 ms, found 2 plugins.
Preloading 0 native plugins for Editor in 0.00 ms.
Mono: successfully reloaded assembly
- Completed reload, in  0.922 seconds
Platform modules already initialized, skipping
Refreshing native plugins compatible for Editor in 0.34 ms, found 2 plugins.
Preloading 0 native plugins for Editor in 0.00 ms.
Unloading 1388 Unused Serialized files (Serialized files now loaded: 0)
System memory in use before: 68.1 MB.
System memory in use after: 68.2 MB.

Unloading 14 unused Assets to reduce memory usage. Loaded Objects now: 1876.
Total: 2.079871 ms (FindLiveObjects: 0.137350 ms CreateObjectMapping: 0.047695 ms MarkObjects: 1.812718 ms  DeleteObjects: 0.081504 ms)

========================================================================
Received Prepare
Registering precompiled user dll's ...
Registered in 0.001941 seconds.
Begin MonoManager ReloadAssembly
Native extension for WindowsStandalone target not found
Refreshing native plugins compatible for Editor in 0.33 ms, found 2 plugins.
Preloading 0 native plugins for Editor in 0.00 ms.
Mono: successfully reloaded assembly
- Completed reload, in  0.915 seconds
Platform modules already initialized, skipping
Refreshing native plugins compatible for Editor in 0.35 ms, found 2 plugins.
Preloading 0 native plugins for Editor in 0.00 ms.
Unloading 1388 Unused Serialized files (Serialized files now loaded: 0)
System memory in use before: 68.1 MB.
System memory in use after: 68.2 MB.

Unloading 14 unused Assets to reduce memory usage. Loaded Objects now: 1879.
Total: 2.440604 ms (FindLiveObjects: 0.172367 ms CreateObjectMapping: 0.088749 ms MarkObjects: 2.095870 ms  DeleteObjects: 0.082108 ms)

========================================================================
Received Prepare
Registering precompiled user dll's ...
Registered in 0.001829 seconds.
Begin MonoManager ReloadAssembly
Native extension for WindowsStandalone target not found
Refreshing native plugins compatible for Editor in 0.34 ms, found 2 plugins.
Preloading 0 native plugins for Editor in 0.00 ms.
Mono: successfully reloaded assembly
- Completed reload, in  0.941 seconds
Platform modules already initialized, skipping
Refreshing native plugins compatible for Editor in 0.38 ms, found 2 plugins.
Preloading 0 native plugins for Editor in 0.00 ms.
Unloading 1388 Unused Serialized files (Serialized files now loaded: 0)
System memory in use before: 68.1 MB.
System memory in use after: 68.2 MB.

Unloading 14 unused Assets to reduce memory usage. Loaded Objects now: 1882.
Total: 2.575841 ms (FindLiveObjects: 0.191384 ms CreateObjectMapping: 0.109880 ms MarkObjects: 2.211486 ms  DeleteObjects: 0.061883 ms)

========================================================================
Received Prepare
Registering precompiled user dll's ...
Registered in 0.001696 seconds.
Begin MonoManager ReloadAssembly
Native extension for WindowsStandalone target not found
Refreshing native plugins compatible for Editor in 0.44 ms, found 2 plugins.
Preloading 0 native plugins for Editor in 0.00 ms.
Mono: successfully reloaded assembly
- Completed reload, in  0.966 seconds
Platform modules already initialized, skipping
Refreshing native plugins compatible for Editor in 0.34 ms, found 2 plugins.
Preloading 0 native plugins for Editor in 0.00 ms.
Unloading 1388 Unused Serialized files (Serialized files now loaded: 0)
System memory in use before: 68.2 MB.
System memory in use after: 68.2 MB.

Unloading 14 unused Assets to reduce memory usage. Loaded Objects now: 1885.
Total: 1.956105 ms (FindLiveObjects: 0.159386 ms CreateObjectMapping: 0.049205 ms MarkObjects: 1.653030 ms  DeleteObjects: 0.093881 ms)

========================================================================
Received Prepare
Registering precompiled user dll's ...
Registered in 0.002005 seconds.
Begin MonoManager ReloadAssembly
Native extension for WindowsStandalone target not found
Refreshing native plugins compatible for Editor in 0.33 ms, found 2 plugins.
Preloading 0 native plugins for Editor in 0.00 ms.
Mono: successfully reloaded assembly
- Completed reload, in  0.936 seconds
Platform modules already initialized, skipping
Refreshing native plugins compatible for Editor in 0.35 ms, found 2 plugins.
Preloading 0 native plugins for Editor in 0.00 ms.
Unloading 1388 Unused Serialized files (Serialized files now loaded: 0)
System memory in use before: 68.2 MB.
System memory in use after: 68.2 MB.

Unloading 14 unused Assets to reduce memory usage. Loaded Objects now: 1888.
Total: 2.351854 ms (FindLiveObjects: 0.194705 ms CreateObjectMapping: 0.096296 ms MarkObjects: 1.987500 ms  DeleteObjects: 0.072448 ms)

========================================================================
Received Prepare
Registering precompiled user dll's ...
Registered in 0.001728 seconds.
Begin MonoManager ReloadAssembly
Native extension for WindowsStandalone target not found
Refreshing native plugins compatible for Editor in 0.34 ms, found 2 plugins.
Preloading 0 native plugins for Editor in 0.00 ms.
Mono: successfully reloaded assembly
- Completed reload, in  0.926 seconds
Platform modules already initialized, skipping
Refreshing native plugins compatible for Editor in 0.35 ms, found 2 plugins.
Preloading 0 native plugins for Editor in 0.00 ms.
Unloading 1388 Unused Serialized files (Serialized files now loaded: 0)
System memory in use before: 68.1 MB.
System memory in use after: 68.2 MB.

Unloading 14 unused Assets to reduce memory usage. Loaded Objects now: 1891.
Total: 2.000178 ms (FindLiveObjects: 0.148519 ms CreateObjectMapping: 0.048601 ms MarkObjects: 1.750835 ms  DeleteObjects: 0.051318 ms)

========================================================================
Received Prepare
Registering precompiled user dll's ...
Registered in 0.001957 seconds.
Begin MonoManager ReloadAssembly
Native extension for WindowsStandalone target not found
Refreshing native plugins compatible for Editor in 0.34 ms, found 2 plugins.
Preloading 0 native plugins for Editor in 0.00 ms.
Mono: successfully reloaded assembly
- Completed reload, in  0.924 seconds
Platform modules already initialized, skipping
Refreshing native plugins compatible for Editor in 0.34 ms, found 2 plugins.
Preloading 0 native plugins for Editor in 0.00 ms.
Unloading 1388 Unused Serialized files (Serialized files now loaded: 0)
System memory in use before: 68.1 MB.
System memory in use after: 68.2 MB.

Unloading 14 unused Assets to reduce memory usage. Loaded Objects now: 1894.
Total: 2.316838 ms (FindLiveObjects: 0.173574 ms CreateObjectMapping: 0.089655 ms MarkObjects: 1.967878 ms  DeleteObjects: 0.084825 ms)

========================================================================
Received Prepare
Registering precompiled user dll's ...
Registered in 0.001759 seconds.
Begin MonoManager ReloadAssembly
Native extension for WindowsStandalone target not found
Refreshing native plugins compatible for Editor in 0.37 ms, found 2 plugins.
Preloading 0 native plugins for Editor in 0.00 ms.
Mono: successfully reloaded assembly
- Completed reload, in  0.936 seconds
Platform modules already initialized, skipping
Refreshing native plugins compatible for Editor in 0.35 ms, found 2 plugins.
Preloading 0 native plugins for Editor in 0.00 ms.
Unloading 1388 Unused Serialized files (Serialized files now loaded: 0)
System memory in use before: 68.2 MB.
System memory in use after: 68.2 MB.

Unloading 14 unused Assets to reduce memory usage. Loaded Objects now: 1897.
Total: 1.993839 ms (FindLiveObjects: 0.153651 ms CreateObjectMapping: 0.048601 ms MarkObjects: 1.725478 ms  DeleteObjects: 0.065204 ms)

========================================================================
Received Import Request.
  Time since last request: 2267.991269 seconds.
  path: Assets/ScriptableObjects/Board.prefab
  artifactKey: Guid(ba1a9aa66bfe9a04aa4c541b3e1989c1) Importer(815301076,1909f56bfc062723c751e8b465ee728b)
Start importing Assets/ScriptableObjects/Board.prefab using Guid(ba1a9aa66bfe9a04aa4c541b3e1989c1) Importer(815301076,1909f56bfc062723c751e8b465ee728b)  -> (artifact id: '668b2cbb2de65bc96e8863f3c63c391d') in 0.058070 seconds
  Import took 0.071973 seconds .

========================================================================
Received Import Request.
  Time since last request: 0.009405 seconds.
  path: Assets/ScriptableObjects/Board.prefab
  artifactKey: Guid(ba1a9aa66bfe9a04aa4c541b3e1989c1) Importer(815301076,1909f56bfc062723c751e8b465ee728b)
Start importing Assets/ScriptableObjects/Board.prefab using Guid(ba1a9aa66bfe9a04aa4c541b3e1989c1) Importer(815301076,1909f56bfc062723c751e8b465ee728b)  -> (artifact id: '668b2cbb2de65bc96e8863f3c63c391d') in 0.018112 seconds
  Import took 0.021095 seconds .

========================================================================
Received Prepare
Registering precompiled user dll's ...
Registered in 0.001742 seconds.
Begin MonoManager ReloadAssembly
Native extension for WindowsStandalone target not found
Refreshing native plugins compatible for Editor in 0.38 ms, found 2 plugins.
Preloading 0 native plugins for Editor in 0.00 ms.
Mono: successfully reloaded assembly
- Completed reload, in  0.942 seconds
Platform modules already initialized, skipping
Refreshing native plugins compatible for Editor in 0.36 ms, found 2 plugins.
Preloading 0 native plugins for Editor in 0.00 ms.
Unloading 1388 Unused Serialized files (Serialized files now loaded: 0)
System memory in use before: 68.2 MB.
System memory in use after: 68.2 MB.

Unloading 14 unused Assets to reduce memory usage. Loaded Objects now: 1902.
Total: 2.327101 ms (FindLiveObjects: 0.168744 ms CreateObjectMapping: 0.093579 ms MarkObjects: 1.985688 ms  DeleteObjects: 0.078184 ms)

========================================================================
Received Import Request.
  Time since last request: 366.822211 seconds.
  path: Assets/Scripts/EnemySpawner.cs
  artifactKey: Guid(c74b70ddbe170104cab8bb15d711b2a3) Importer(815301076,1909f56bfc062723c751e8b465ee728b)
Start importing Assets/Scripts/EnemySpawner.cs using Guid(c74b70ddbe170104cab8bb15d711b2a3) Importer(815301076,1909f56bfc062723c751e8b465ee728b)  -> (artifact id: '81fa544aefe7a26e530fa6db198c9591') in 0.004519 seconds
  Import took 0.007007 seconds .

========================================================================
Received Import Request.
  Time since last request: 0.014686 seconds.
  path: Assets/Scripts/EnemySpawner.cs
  artifactKey: Guid(c74b70ddbe170104cab8bb15d711b2a3) Importer(815301076,1909f56bfc062723c751e8b465ee728b)
Start importing Assets/Scripts/EnemySpawner.cs using Guid(c74b70ddbe170104cab8bb15d711b2a3) Importer(815301076,1909f56bfc062723c751e8b465ee728b)  -> (artifact id: '81fa544aefe7a26e530fa6db198c9591') in 0.001370 seconds
  Import took 0.003881 seconds .

========================================================================
Received Prepare
Registering precompiled user dll's ...
Registered in 0.002174 seconds.
Begin MonoManager ReloadAssembly
Native extension for WindowsStandalone target not found
Refreshing native plugins compatible for Editor in 0.52 ms, found 2 plugins.
Preloading 0 native plugins for Editor in 0.00 ms.
Mono: successfully reloaded assembly
- Completed reload, in  1.061 seconds
Platform modules already initialized, skipping
Refreshing native plugins compatible for Editor in 0.54 ms, found 2 plugins.
Preloading 0 native plugins for Editor in 0.00 ms.
Unloading 1387 Unused Serialized files (Serialized files now loaded: 0)
System memory in use before: 68.2 MB.
System memory in use after: 68.2 MB.

Unloading 15 unused Assets to reduce memory usage. Loaded Objects now: 1904.
Total: 2.182205 ms (FindLiveObjects: 0.146406 ms CreateObjectMapping: 0.050714 ms MarkObjects: 1.927428 ms  DeleteObjects: 0.056449 ms)

========================================================================
Received Prepare
Registering precompiled user dll's ...
Registered in 0.001707 seconds.
Begin MonoManager ReloadAssembly
Native extension for WindowsStandalone target not found
Refreshing native plugins compatible for Editor in 0.36 ms, found 2 plugins.
Preloading 0 native plugins for Editor in 0.00 ms.
Mono: successfully reloaded assembly
- Completed reload, in  0.946 seconds
Platform modules already initialized, skipping
Refreshing native plugins compatible for Editor in 0.34 ms, found 2 plugins.
Preloading 0 native plugins for Editor in 0.00 ms.
Unloading 1387 Unused Serialized files (Serialized files now loaded: 0)
System memory in use before: 68.2 MB.
System memory in use after: 68.2 MB.

Unloading 14 unused Assets to reduce memory usage. Loaded Objects now: 1907.
Total: 2.343100 ms (FindLiveObjects: 0.172669 ms CreateObjectMapping: 0.087844 ms MarkObjects: 2.017083 ms  DeleteObjects: 0.064902 ms)

========================================================================
Received Import Request.
  Time since last request: 252.529192 seconds.
  path: Assets/Prefabs/EnemyCube.prefab
  artifactKey: Guid(4d46f35a80c314043a3c09813596556a) Importer(815301076,1909f56bfc062723c751e8b465ee728b)
Start importing Assets/Prefabs/EnemyCube.prefab using Guid(4d46f35a80c314043a3c09813596556a) Importer(815301076,1909f56bfc062723c751e8b465ee728b)  -> (artifact id: '325c94a739cfa8a69000fd917d90ab6d') in 0.060693 seconds
  Import took 0.063678 seconds .

========================================================================
Received Prepare
Registering precompiled user dll's ...
Registered in 0.001801 seconds.
Begin MonoManager ReloadAssembly
Native extension for WindowsStandalone target not found
Refreshing native plugins compatible for Editor in 0.36 ms, found 2 plugins.
Preloading 0 native plugins for Editor in 0.00 ms.
Mono: successfully reloaded assembly
- Completed reload, in  0.944 seconds
Platform modules already initialized, skipping
Refreshing native plugins compatible for Editor in 0.42 ms, found 2 plugins.
Preloading 0 native plugins for Editor in 0.00 ms.
Unloading 1387 Unused Serialized files (Serialized files now loaded: 0)
System memory in use before: 68.2 MB.
System memory in use after: 68.3 MB.

Unloading 15 unused Assets to reduce memory usage. Loaded Objects now: 1911.
Total: 3.504689 ms (FindLiveObjects: 0.197120 ms CreateObjectMapping: 0.061279 ms MarkObjects: 3.180482 ms  DeleteObjects: 0.063996 ms)

========================================================================
Received Prepare
Registering precompiled user dll's ...
Registered in 0.001722 seconds.
Begin MonoManager ReloadAssembly
Native extension for WindowsStandalone target not found
Refreshing native plugins compatible for Editor in 0.34 ms, found 2 plugins.
Preloading 0 native plugins for Editor in 0.00 ms.
Mono: successfully reloaded assembly
- Completed reload, in  0.942 seconds
Platform modules already initialized, skipping
Refreshing native plugins compatible for Editor in 0.35 ms, found 2 plugins.
Preloading 0 native plugins for Editor in 0.00 ms.
Unloading 1387 Unused Serialized files (Serialized files now loaded: 0)
System memory in use before: 68.2 MB.
System memory in use after: 68.3 MB.

Unloading 14 unused Assets to reduce memory usage. Loaded Objects now: 1914.
Total: 2.155036 ms (FindLiveObjects: 0.148821 ms CreateObjectMapping: 0.058261 ms MarkObjects: 1.887279 ms  DeleteObjects: 0.059770 ms)

========================================================================
Received Prepare
Registering precompiled user dll's ...
Registered in 0.001842 seconds.
Begin MonoManager ReloadAssembly
Native extension for WindowsStandalone target not found
Refreshing native plugins compatible for Editor in 0.35 ms, found 2 plugins.
Preloading 0 native plugins for Editor in 0.00 ms.
Mono: successfully reloaded assembly
- Completed reload, in  0.917 seconds
Platform modules already initialized, skipping
Refreshing native plugins compatible for Editor in 0.34 ms, found 2 plugins.
Preloading 0 native plugins for Editor in 0.00 ms.
Unloading 1387 Unused Serialized files (Serialized files now loaded: 0)
System memory in use before: 68.2 MB.
System memory in use after: 68.3 MB.

Unloading 14 unused Assets to reduce memory usage. Loaded Objects now: 1917.
Total: 2.216014 ms (FindLiveObjects: 0.181121 ms CreateObjectMapping: 0.093579 ms MarkObjects: 1.859508 ms  DeleteObjects: 0.081203 ms)

========================================================================
Received Prepare
Registering precompiled user dll's ...
Registered in 0.001690 seconds.
Begin MonoManager ReloadAssembly
Native extension for WindowsStandalone target not found
Refreshing native plugins compatible for Editor in 0.35 ms, found 2 plugins.
Preloading 0 native plugins for Editor in 0.00 ms.
Mono: successfully reloaded assembly
- Completed reload, in  0.970 seconds
Platform modules already initialized, skipping
Refreshing native plugins compatible for Editor in 0.35 ms, found 2 plugins.
Preloading 0 native plugins for Editor in 0.00 ms.
Unloading 1387 Unused Serialized files (Serialized files now loaded: 0)
System memory in use before: 68.2 MB.
System memory in use after: 68.3 MB.

Unloading 14 unused Assets to reduce memory usage. Loaded Objects now: 1920.
Total: 2.463244 ms (FindLiveObjects: 0.179310 ms CreateObjectMapping: 0.098711 ms MarkObjects: 2.116699 ms  DeleteObjects: 0.067015 ms)

========================================================================
Received Prepare
Registering precompiled user dll's ...
Registered in 0.001827 seconds.
Begin MonoManager ReloadAssembly
Native extension for WindowsStandalone target not found
Refreshing native plugins compatible for Editor in 0.38 ms, found 2 plugins.
Preloading 0 native plugins for Editor in 0.00 ms.
Mono: successfully reloaded assembly
- Completed reload, in  0.955 seconds
Platform modules already initialized, skipping
Refreshing native plugins compatible for Editor in 0.39 ms, found 2 plugins.
Preloading 0 native plugins for Editor in 0.00 ms.
Unloading 1387 Unused Serialized files (Serialized files now loaded: 0)
System memory in use before: 68.2 MB.
System memory in use after: 68.3 MB.

Unloading 14 unused Assets to reduce memory usage. Loaded Objects now: 1923.
Total: 2.525429 ms (FindLiveObjects: 0.185045 ms CreateObjectMapping: 0.100522 ms MarkObjects: 2.177978 ms  DeleteObjects: 0.060977 ms)

========================================================================
Received Prepare
Registering precompiled user dll's ...
Registered in 0.001644 seconds.
Begin MonoManager ReloadAssembly
Native extension for WindowsStandalone target not found
Refreshing native plugins compatible for Editor in 0.34 ms, found 2 plugins.
Preloading 0 native plugins for Editor in 0.00 ms.
Mono: successfully reloaded assembly
- Completed reload, in  0.937 seconds
Platform modules already initialized, skipping
Refreshing native plugins compatible for Editor in 0.34 ms, found 2 plugins.
Preloading 0 native plugins for Editor in 0.00 ms.
Unloading 1387 Unused Serialized files (Serialized files now loaded: 0)
System memory in use before: 68.2 MB.
System memory in use after: 68.3 MB.

Unloading 14 unused Assets to reduce memory usage. Loaded Objects now: 1926.
Total: 2.113982 ms (FindLiveObjects: 0.145199 ms CreateObjectMapping: 0.049506 ms MarkObjects: 1.833547 ms  DeleteObjects: 0.085127 ms)

========================================================================
Received Prepare
Registering precompiled user dll's ...
Registered in 0.001734 seconds.
Begin MonoManager ReloadAssembly
Native extension for WindowsStandalone target not found
Refreshing native plugins compatible for Editor in 0.36 ms, found 2 plugins.
Preloading 0 native plugins for Editor in 0.00 ms.
Mono: successfully reloaded assembly
- Completed reload, in  0.967 seconds
Platform modules already initialized, skipping
Refreshing native plugins compatible for Editor in 0.34 ms, found 2 plugins.
Preloading 0 native plugins for Editor in 0.00 ms.
Unloading 1387 Unused Serialized files (Serialized files now loaded: 0)
System memory in use before: 68.2 MB.
System memory in use after: 68.3 MB.

Unloading 14 unused Assets to reduce memory usage. Loaded Objects now: 1929.
Total: 2.086512 ms (FindLiveObjects: 0.144897 ms CreateObjectMapping: 0.049808 ms MarkObjects: 1.811511 ms  DeleteObjects: 0.079391 ms)

========================================================================
Received Prepare
Registering precompiled user dll's ...
Registered in 0.002006 seconds.
Begin MonoManager ReloadAssembly
Native extension for WindowsStandalone target not found
Refreshing native plugins compatible for Editor in 0.35 ms, found 2 plugins.
Preloading 0 native plugins for Editor in 0.00 ms.
Mono: successfully reloaded assembly
- Completed reload, in  0.911 seconds
Platform modules already initialized, skipping
Refreshing native plugins compatible for Editor in 0.39 ms, found 2 plugins.
Preloading 0 native plugins for Editor in 0.00 ms.
Unloading 1387 Unused Serialized files (Serialized files now loaded: 0)
System memory in use before: 68.2 MB.
System memory in use after: 68.3 MB.

Unloading 14 unused Assets to reduce memory usage. Loaded Objects now: 1932.
Total: 2.262803 ms (FindLiveObjects: 0.194403 ms CreateObjectMapping: 0.094787 ms MarkObjects: 1.922900 ms  DeleteObjects: 0.049506 ms)

========================================================================
Received Prepare
Registering precompiled user dll's ...
Registered in 0.001738 seconds.
Begin MonoManager ReloadAssembly
Native extension for WindowsStandalone target not found
Refreshing native plugins compatible for Editor in 0.35 ms, found 2 plugins.
Preloading 0 native plugins for Editor in 0.00 ms.
Mono: successfully reloaded assembly
- Completed reload, in  0.928 seconds
Platform modules already initialized, skipping
Refreshing native plugins compatible for Editor in 0.35 ms, found 2 plugins.
Preloading 0 native plugins for Editor in 0.00 ms.
Unloading 1387 Unused Serialized files (Serialized files now loaded: 0)
System memory in use before: 68.2 MB.
System memory in use after: 68.3 MB.

Unloading 14 unused Assets to reduce memory usage. Loaded Objects now: 1935.
Total: 2.913631 ms (FindLiveObjects: 0.210402 ms CreateObjectMapping: 0.114106 ms MarkObjects: 2.524523 ms  DeleteObjects: 0.063392 ms)

========================================================================
Received Prepare
Registering precompiled user dll's ...
Registered in 0.001695 seconds.
Begin MonoManager ReloadAssembly
Native extension for WindowsStandalone target not found
Refreshing native plugins compatible for Editor in 0.34 ms, found 2 plugins.
Preloading 0 native plugins for Editor in 0.00 ms.
Mono: successfully reloaded assembly
- Completed reload, in  0.914 seconds
Platform modules already initialized, skipping
Refreshing native plugins compatible for Editor in 0.40 ms, found 2 plugins.
Preloading 0 native plugins for Editor in 0.00 ms.
Unloading 1387 Unused Serialized files (Serialized files now loaded: 0)
System memory in use before: 68.2 MB.
System memory in use after: 68.3 MB.

Unloading 14 unused Assets to reduce memory usage. Loaded Objects now: 1938.
Total: 2.339176 ms (FindLiveObjects: 0.168141 ms CreateObjectMapping: 0.083014 ms MarkObjects: 2.021611 ms  DeleteObjects: 0.064902 ms)

========================================================================
Received Prepare
Registering precompiled user dll's ...
Registered in 0.001851 seconds.
Begin MonoManager ReloadAssembly
Native extension for WindowsStandalone target not found
Refreshing native plugins compatible for Editor in 0.39 ms, found 2 plugins.
Preloading 0 native plugins for Editor in 0.00 ms.
Mono: successfully reloaded assembly
- Completed reload, in  0.935 seconds
Platform modules already initialized, skipping
Refreshing native plugins compatible for Editor in 0.38 ms, found 2 plugins.
Preloading 0 native plugins for Editor in 0.00 ms.
Unloading 1387 Unused Serialized files (Serialized files now loaded: 0)
System memory in use before: 68.2 MB.
System memory in use after: 68.3 MB.

Unloading 14 unused Assets to reduce memory usage. Loaded Objects now: 1941.
Total: 2.378117 ms (FindLiveObjects: 0.194403 ms CreateObjectMapping: 0.096900 ms MarkObjects: 2.004404 ms  DeleteObjects: 0.081504 ms)

========================================================================
Received Prepare
Registering precompiled user dll's ...
Registered in 0.001976 seconds.
Begin MonoManager ReloadAssembly
Native extension for WindowsStandalone target not found
Refreshing native plugins compatible for Editor in 0.38 ms, found 2 plugins.
Preloading 0 native plugins for Editor in 0.00 ms.
Mono: successfully reloaded assembly
- Completed reload, in  0.959 seconds
Platform modules already initialized, skipping
Refreshing native plugins compatible for Editor in 0.36 ms, found 2 plugins.
Preloading 0 native plugins for Editor in 0.00 ms.
Unloading 1387 Unused Serialized files (Serialized files now loaded: 0)
System memory in use before: 68.2 MB.
System memory in use after: 68.3 MB.

Unloading 14 unused Assets to reduce memory usage. Loaded Objects now: 1944.
Total: 2.543541 ms (FindLiveObjects: 0.204365 ms CreateObjectMapping: 0.060374 ms MarkObjects: 2.210580 ms  DeleteObjects: 0.067015 ms)

========================================================================
Received Prepare
Registering precompiled user dll's ...
Registered in 0.001717 seconds.
Begin MonoManager ReloadAssembly
Native extension for WindowsStandalone target not found
Refreshing native plugins compatible for Editor in 0.40 ms, found 2 plugins.
Preloading 0 native plugins for Editor in 0.00 ms.
Mono: successfully reloaded assembly
- Completed reload, in  0.965 seconds
Platform modules already initialized, skipping
Refreshing native plugins compatible for Editor in 0.35 ms, found 2 plugins.
Preloading 0 native plugins for Editor in 0.00 ms.
Unloading 1387 Unused Serialized files (Serialized files now loaded: 0)
System memory in use before: 68.2 MB.
System memory in use after: 68.3 MB.

Unloading 14 unused Assets to reduce memory usage. Loaded Objects now: 1947.
Total: 2.679079 ms (FindLiveObjects: 0.215534 ms CreateObjectMapping: 0.090259 ms MarkObjects: 2.287858 ms  DeleteObjects: 0.084221 ms)

========================================================================
Received Prepare
Registering precompiled user dll's ...
Registered in 0.001670 seconds.
Begin MonoManager ReloadAssembly
Native extension for WindowsStandalone target not found
Refreshing native plugins compatible for Editor in 0.34 ms, found 2 plugins.
Preloading 0 native plugins for Editor in 0.00 ms.
Mono: successfully reloaded assembly
- Completed reload, in  0.953 seconds
Platform modules already initialized, skipping
Refreshing native plugins compatible for Editor in 0.35 ms, found 2 plugins.
Preloading 0 native plugins for Editor in 0.00 ms.
Unloading 1387 Unused Serialized files (Serialized files now loaded: 0)
System memory in use before: 68.2 MB.
System memory in use after: 68.3 MB.

Unloading 14 unused Assets to reduce memory usage. Loaded Objects now: 1950.
Total: 2.681494 ms (FindLiveObjects: 0.187762 ms CreateObjectMapping: 0.091768 ms MarkObjects: 2.345515 ms  DeleteObjects: 0.055846 ms)

========================================================================
Received Prepare
Registering precompiled user dll's ...
Registered in 0.001852 seconds.
Begin MonoManager ReloadAssembly
Native extension for WindowsStandalone target not found
Refreshing native plugins compatible for Editor in 0.34 ms, found 2 plugins.
Preloading 0 native plugins for Editor in 0.00 ms.
Mono: successfully reloaded assembly
- Completed reload, in  0.993 seconds
Platform modules already initialized, skipping
Refreshing native plugins compatible for Editor in 0.34 ms, found 2 plugins.
Preloading 0 native plugins for Editor in 0.00 ms.
Unloading 1387 Unused Serialized files (Serialized files now loaded: 0)
System memory in use before: 68.3 MB.
System memory in use after: 68.3 MB.

Unloading 14 unused Assets to reduce memory usage. Loaded Objects now: 1953.
Total: 2.637120 ms (FindLiveObjects: 0.183234 ms CreateObjectMapping: 0.087240 ms MarkObjects: 2.307782 ms  DeleteObjects: 0.057959 ms)

========================================================================
Received Prepare
Registering precompiled user dll's ...
Registered in 0.001818 seconds.
Begin MonoManager ReloadAssembly
Native extension for WindowsStandalone target not found
Refreshing native plugins compatible for Editor in 0.37 ms, found 2 plugins.
Preloading 0 native plugins for Editor in 0.00 ms.
Mono: successfully reloaded assembly
- Completed reload, in  0.945 seconds
Platform modules already initialized, skipping
Refreshing native plugins compatible for Editor in 0.34 ms, found 2 plugins.
Preloading 0 native plugins for Editor in 0.00 ms.
Unloading 1387 Unused Serialized files (Serialized files now loaded: 0)
System memory in use before: 68.3 MB.
System memory in use after: 68.3 MB.

Unloading 14 unused Assets to reduce memory usage. Loaded Objects now: 1956.
Total: 2.388380 ms (FindLiveObjects: 0.179310 ms CreateObjectMapping: 0.108974 ms MarkObjects: 2.022214 ms  DeleteObjects: 0.076675 ms)

========================================================================
Received Import Request.
  Time since last request: 2146.084762 seconds.
  path: Assets/Prefabs/EnemyCube.prefab
  artifactKey: Guid(4d46f35a80c314043a3c09813596556a) Importer(815301076,1909f56bfc062723c751e8b465ee728b)
Start importing Assets/Prefabs/EnemyCube.prefab using Guid(4d46f35a80c314043a3c09813596556a) Importer(815301076,1909f56bfc062723c751e8b465ee728b)  -> (artifact id: '1019226083c133b305c04a70ec06fa7e') in 0.056697 seconds
  Import took 0.059318 seconds .

========================================================================
Received Import Request.
  Time since last request: 1.935859 seconds.
  path: Assets/Prefabs/EnemyCube.prefab
  artifactKey: Guid(4d46f35a80c314043a3c09813596556a) Importer(815301076,1909f56bfc062723c751e8b465ee728b)
Start importing Assets/Prefabs/EnemyCube.prefab using Guid(4d46f35a80c314043a3c09813596556a) Importer(815301076,1909f56bfc062723c751e8b465ee728b)  -> (artifact id: '1019226083c133b305c04a70ec06fa7e') in 0.008427 seconds
  Import took 0.011089 seconds .

========================================================================
Received Prepare
Registering precompiled user dll's ...
Registered in 0.001759 seconds.
Begin MonoManager ReloadAssembly
Native extension for WindowsStandalone target not found
Refreshing native plugins compatible for Editor in 0.37 ms, found 2 plugins.
Preloading 0 native plugins for Editor in 0.00 ms.
Mono: successfully reloaded assembly
- Completed reload, in  0.953 seconds
Platform modules already initialized, skipping
Refreshing native plugins compatible for Editor in 0.36 ms, found 2 plugins.
Preloading 0 native plugins for Editor in 0.00 ms.
Unloading 1387 Unused Serialized files (Serialized files now loaded: 0)
System memory in use before: 68.3 MB.
System memory in use after: 68.4 MB.

Unloading 15 unused Assets to reduce memory usage. Loaded Objects now: 1960.
Total: 2.479545 ms (FindLiveObjects: 0.203157 ms CreateObjectMapping: 0.096598 ms MarkObjects: 2.107341 ms  DeleteObjects: 0.071241 ms)

========================================================================
Received Prepare
Registering precompiled user dll's ...
Registered in 0.001778 seconds.
Begin MonoManager ReloadAssembly
Native extension for WindowsStandalone target not found
Refreshing native plugins compatible for Editor in 0.36 ms, found 2 plugins.
Preloading 0 native plugins for Editor in 0.00 ms.
Mono: successfully reloaded assembly
- Completed reload, in  0.938 seconds
Platform modules already initialized, skipping
Refreshing native plugins compatible for Editor in 0.34 ms, found 2 plugins.
Preloading 0 native plugins for Editor in 0.00 ms.
Unloading 1387 Unused Serialized files (Serialized files now loaded: 0)
System memory in use before: 68.3 MB.
System memory in use after: 68.4 MB.

Unloading 14 unused Assets to reduce memory usage. Loaded Objects now: 1963.
Total: 2.338572 ms (FindLiveObjects: 0.178102 ms CreateObjectMapping: 0.110484 ms MarkObjects: 1.969388 ms  DeleteObjects: 0.079391 ms)

========================================================================
Received Prepare
Registering precompiled user dll's ...
Registered in 0.001984 seconds.
Begin MonoManager ReloadAssembly
Native extension for WindowsStandalone target not found
Refreshing native plugins compatible for Editor in 0.34 ms, found 2 plugins.
Preloading 0 native plugins for Editor in 0.00 ms.
Mono: successfully reloaded assembly
- Completed reload, in  0.946 seconds
Platform modules already initialized, skipping
Refreshing native plugins compatible for Editor in 0.35 ms, found 2 plugins.
Preloading 0 native plugins for Editor in 0.00 ms.
Unloading 1387 Unused Serialized files (Serialized files now loaded: 0)
System memory in use before: 68.3 MB.
System memory in use after: 68.4 MB.

Unloading 14 unused Assets to reduce memory usage. Loaded Objects now: 1966.
Total: 2.902764 ms (FindLiveObjects: 0.256588 ms CreateObjectMapping: 0.139765 ms MarkObjects: 2.436981 ms  DeleteObjects: 0.068524 ms)

========================================================================
Received Prepare
Registering precompiled user dll's ...
Registered in 0.001767 seconds.
Begin MonoManager ReloadAssembly
Native extension for WindowsStandalone target not found
Refreshing native plugins compatible for Editor in 0.42 ms, found 2 plugins.
Preloading 0 native plugins for Editor in 0.00 ms.
Mono: successfully reloaded assembly
- Completed reload, in  0.937 seconds
Platform modules already initialized, skipping
Refreshing native plugins compatible for Editor in 0.37 ms, found 2 plugins.
Preloading 0 native plugins for Editor in 0.00 ms.
Unloading 1387 Unused Serialized files (Serialized files now loaded: 0)
System memory in use before: 68.3 MB.
System memory in use after: 68.4 MB.

Unloading 14 unused Assets to reduce memory usage. Loaded Objects now: 1969.
Total: 2.381136 ms (FindLiveObjects: 0.184743 ms CreateObjectMapping: 0.088447 ms MarkObjects: 2.058741 ms  DeleteObjects: 0.048601 ms)

========================================================================
Received Prepare
Registering precompiled user dll's ...
Registered in 0.001780 seconds.
Begin MonoManager ReloadAssembly
Native extension for WindowsStandalone target not found
Refreshing native plugins compatible for Editor in 0.33 ms, found 2 plugins.
Preloading 0 native plugins for Editor in 0.00 ms.
Mono: successfully reloaded assembly
- Completed reload, in  0.936 seconds
Platform modules already initialized, skipping
Refreshing native plugins compatible for Editor in 0.35 ms, found 2 plugins.
Preloading 0 native plugins for Editor in 0.00 ms.
Unloading 1387 Unused Serialized files (Serialized files now loaded: 0)
System memory in use before: 68.3 MB.
System memory in use after: 68.4 MB.

Unloading 14 unused Assets to reduce memory usage. Loaded Objects now: 1972.
Total: 2.769942 ms (FindLiveObjects: 0.191083 ms CreateObjectMapping: 0.106258 ms MarkObjects: 2.403172 ms  DeleteObjects: 0.068222 ms)

========================================================================
Received Import Request.
  Time since last request: 841.654055 seconds.
  path: Assets/Editor
  artifactKey: Guid(1798dbb7c012dba4bae97984a4df4a23) Importer(815301076,1909f56bfc062723c751e8b465ee728b)
Start importing Assets/Editor using Guid(1798dbb7c012dba4bae97984a4df4a23) Importer(815301076,1909f56bfc062723c751e8b465ee728b)  -> (artifact id: '8a67d250b8bc73138a2b35894cc72fd2') in 0.005148 seconds
  Import took 0.008020 seconds .

========================================================================
Received Prepare
Registering precompiled user dll's ...
Registered in 0.001835 seconds.
Begin MonoManager ReloadAssembly
Native extension for WindowsStandalone target not found
Refreshing native plugins compatible for Editor in 0.44 ms, found 2 plugins.
Preloading 0 native plugins for Editor in 0.00 ms.
Mono: successfully reloaded assembly
- Completed reload, in  0.928 seconds
Platform modules already initialized, skipping
Refreshing native plugins compatible for Editor in 0.34 ms, found 2 plugins.
Preloading 0 native plugins for Editor in 0.00 ms.
Unloading 1387 Unused Serialized files (Serialized files now loaded: 0)
System memory in use before: 68.3 MB.
System memory in use after: 68.4 MB.

Unloading 14 unused Assets to reduce memory usage. Loaded Objects now: 1975.
Total: 2.081984 ms (FindLiveObjects: 0.159990 ms CreateObjectMapping: 0.050412 ms MarkObjects: 1.806681 ms  DeleteObjects: 0.063694 ms)

========================================================================
Received Prepare
Registering precompiled user dll's ...
Registered in 0.001761 seconds.
Begin MonoManager ReloadAssembly
Native extension for WindowsStandalone target not found
Refreshing native plugins compatible for Editor in 0.35 ms, found 2 plugins.
Preloading 0 native plugins for Editor in 0.00 ms.
Mono: successfully reloaded assembly
- Completed reload, in  0.938 seconds
Platform modules already initialized, skipping
Refreshing native plugins compatible for Editor in 0.40 ms, found 2 plugins.
Preloading 0 native plugins for Editor in 0.00 ms.
Unloading 1387 Unused Serialized files (Serialized files now loaded: 0)
System memory in use before: 68.3 MB.
System memory in use after: 68.4 MB.

Unloading 14 unused Assets to reduce memory usage. Loaded Objects now: 1978.
Total: 2.193072 ms (FindLiveObjects: 0.189271 ms CreateObjectMapping: 0.093881 ms MarkObjects: 1.850753 ms  DeleteObjects: 0.058562 ms)

========================================================================
Received Import Request.
  Time since last request: 136.037244 seconds.
  path: Assets/Scripts/EnemySpawner.cs
  artifactKey: Guid(8c786281102efae489d8a6028ddcbe49) Importer(815301076,1909f56bfc062723c751e8b465ee728b)
Start importing Assets/Scripts/EnemySpawner.cs using Guid(8c786281102efae489d8a6028ddcbe49) Importer(815301076,1909f56bfc062723c751e8b465ee728b)  -> (artifact id: '6f51c34cc0aabee9b0c939bbca654e0f') in 0.008190 seconds
  Import took 0.013543 seconds .

========================================================================
Received Import Request.
  Time since last request: 0.004033 seconds.
  path: Assets/Scripts/Enemy.cs
  artifactKey: Guid(e8ee99cf13c83c74884430b162906695) Importer(815301076,1909f56bfc062723c751e8b465ee728b)
Start importing Assets/Scripts/Enemy.cs using Guid(e8ee99cf13c83c74884430b162906695) Importer(815301076,1909f56bfc062723c751e8b465ee728b)  -> (artifact id: 'f522e4ef0d1a1174e5b0f0c0cf2db035') in 0.002889 seconds
  Import took 0.007784 seconds .

========================================================================
Received Import Request.
  Time since last request: 0.007985 seconds.
  path: Assets/Scripts/Utils
  artifactKey: Guid(9d12ffec91d7cee4fb0ed1e2ee15c7f9) Importer(815301076,1909f56bfc062723c751e8b465ee728b)
Start importing Assets/Scripts/Utils using Guid(9d12ffec91d7cee4fb0ed1e2ee15c7f9) Importer(815301076,1909f56bfc062723c751e8b465ee728b)  -> (artifact id: '7438d1a2f2738a5572e7bb8fd9b88175') in 0.002526 seconds
  Import took 0.006305 seconds .

========================================================================
Received Import Request.
  Time since last request: 0.003475 seconds.
  path: Assets/Scripts/GameObjectFactory.cs
  artifactKey: Guid(daf5847f9ba2f174eb4cf13c64089282) Importer(815301076,1909f56bfc062723c751e8b465ee728b)
Start importing Assets/Scripts/GameObjectFactory.cs using Guid(daf5847f9ba2f174eb4cf13c64089282) Importer(815301076,1909f56bfc062723c751e8b465ee728b)  -> (artifact id: '3ffca5bc87bcc278cdf8cfdda9724265') in 0.002564 seconds
  Import took 0.006646 seconds .

========================================================================
Received Import Request.
  Time since last request: 0.005277 seconds.
  path: Assets/Editor/FloatRangeSliderDrawer.cs
  artifactKey: Guid(bcaf5c42a93ee414785dae446d62edab) Importer(815301076,1909f56bfc062723c751e8b465ee728b)
Start importing Assets/Editor/FloatRangeSliderDrawer.cs using Guid(bcaf5c42a93ee414785dae446d62edab) Importer(815301076,1909f56bfc062723c751e8b465ee728b)  -> (artifact id: '7d83d1f12694144ab618bbe3abe228af') in 0.001890 seconds
  Import took 0.004636 seconds .

========================================================================
Received Import Request.
  Time since last request: 0.001393 seconds.
  path: Assets/Scripts/Utils/FloatRange.cs
  artifactKey: Guid(f749b651feb2b8d459505f25daf06b49) Importer(815301076,1909f56bfc062723c751e8b465ee728b)
Start importing Assets/Scripts/Utils/FloatRange.cs using Guid(f749b651feb2b8d459505f25daf06b49) Importer(815301076,1909f56bfc062723c751e8b465ee728b)  -> (artifact id: '3d55d55b93b19ce95f7f6b8fa54a6a87') in 0.001681 seconds
  Import took 0.004303 seconds .

========================================================================
Received Import Request.
  Time since last request: 0.004106 seconds.
  path: Assets/Scripts/EnemyMover.cs
  artifactKey: Guid(ffb0873b041c4d64c86512fed0ab3750) Importer(815301076,1909f56bfc062723c751e8b465ee728b)
Start importing Assets/Scripts/EnemyMover.cs using Guid(ffb0873b041c4d64c86512fed0ab3750) Importer(815301076,1909f56bfc062723c751e8b465ee728b)  -> (artifact id: '1da4035e92093c5aea6a1259fc90b30e') in 0.001650 seconds
  Import took 0.003980 seconds .

========================================================================
Received Import Request.
  Time since last request: 0.002686 seconds.
  path: Assets/Scenes/SampleScene.unity
  artifactKey: Guid(9fc0d4010bbf28b4594072e72b8655ab) Importer(815301076,1909f56bfc062723c751e8b465ee728b)
Start importing Assets/Scenes/SampleScene.unity using Guid(9fc0d4010bbf28b4594072e72b8655ab) Importer(815301076,1909f56bfc062723c751e8b465ee728b)  -> (artifact id: '54861a39703f287c488a1965c2ba5a97') in 0.011867 seconds
  Import took 0.014413 seconds .

AssetImportWorkerClient::OnTransportError - code=2 error=End of file
